2015-06-01 15:44:59,439:hal4000:INFO:__main__.__init__
2015-06-01 15:44:59,439:hal4000:INFO:    0 <__main__.Window object at 0x7f5b53d7a9d0>
2015-06-01 15:44:59,440:hal4000:INFO:    1 <sc_library.parameters.StormXMLObject object at 0x7f5b5385e190>
2015-06-01 15:44:59,440:hal4000:INFO:    2 <sc_library.parameters.StormXMLObject object at 0x7f5b5385e450>
2015-06-01 15:44:59,459:hal4000:INFO:  camera.classicSingleCamera.__init__
2015-06-01 15:44:59,459:hal4000:INFO:      0 <camera.classicSingleCamera.ACamera object at 0x7f5b40648478>
2015-06-01 15:44:59,460:hal4000:INFO:      1 <sc_library.parameters.StormXMLObject object at 0x7f5b5385e210>
2015-06-01 15:44:59,460:hal4000:INFO:      2 <sc_library.parameters.StormXMLObject object at 0x7f5b5385e450>
2015-06-01 15:44:59,460:hal4000:INFO:      3 <PyQt4.QtGui.QFrame object at 0x7f5b4063e478>
2015-06-01 15:44:59,460:hal4000:INFO:      4 <PyQt4.QtGui.QFrame object at 0x7f5b4063e3e0>
2015-06-01 15:44:59,460:hal4000:INFO:  camera.classicSingleCamera.__init__
2015-06-01 15:44:59,460:hal4000:INFO:      0 <camera.classicSingleCamera.ACamera object at 0x7f5b40648478>
2015-06-01 15:44:59,460:hal4000:INFO:      1 <sc_library.parameters.StormXMLObject object at 0x7f5b5385e210>
2015-06-01 15:44:59,460:hal4000:INFO:      2 <sc_library.parameters.StormXMLObject object at 0x7f5b5385e450>
2015-06-01 15:44:59,460:hal4000:INFO:      3 <PyQt4.QtGui.QFrame object at 0x7f5b4063e478>
2015-06-01 15:44:59,460:hal4000:INFO:      4 <PyQt4.QtGui.QFrame object at 0x7f5b4063e3e0>
2015-06-01 15:44:59,460:hal4000:INFO:      5 <__main__.Window object at 0x7f5b53d7a9d0>
2015-06-01 15:44:59,460:hal4000:INFO:  camera.singleCamera.__init__
2015-06-01 15:44:59,460:hal4000:INFO:      0 <camera.classicSingleCamera.ACamera object at 0x7f5b40648478>
2015-06-01 15:44:59,460:hal4000:INFO:      1 <sc_library.parameters.StormXMLObject object at 0x7f5b5385e210>
2015-06-01 15:44:59,461:hal4000:INFO:      2 <sc_library.parameters.StormXMLObject object at 0x7f5b5385e450>
2015-06-01 15:44:59,461:hal4000:INFO:      3 <__main__.Window object at 0x7f5b53d7a9d0>
2015-06-01 15:44:59,461:hal4000:INFO:  camera.genericCamera.__init__
2015-06-01 15:44:59,461:hal4000:INFO:      0 <camera.classicSingleCamera.ACamera object at 0x7f5b40648478>
2015-06-01 15:44:59,461:hal4000:INFO:      1 <__main__.Window object at 0x7f5b53d7a9d0>
