2015-06-01 14:58:59,884:hal4000:INFO:__main__.__init__
2015-06-01 14:58:59,885:hal4000:INFO:    0 <__main__.Window object at 0x7f56e6a039d0>
2015-06-01 14:58:59,885:hal4000:INFO:    1 <sc_library.parameters.StormXMLObject object at 0x7f56e64e7150>
2015-06-01 14:58:59,885:hal4000:INFO:    2 <sc_library.parameters.StormXMLObject object at 0x7f56e64e7410>
2015-06-01 14:58:59,904:hal4000:INFO:  camera.classicSingleCamera.__init__
2015-06-01 14:58:59,905:hal4000:INFO:      0 <camera.classicSingleCamera.ACamera object at 0x7f56d806f478>
2015-06-01 14:58:59,905:hal4000:INFO:      1 <sc_library.parameters.StormXMLObject object at 0x7f56e64e71d0>
2015-06-01 14:58:59,905:hal4000:INFO:      2 <sc_library.parameters.StormXMLObject object at 0x7f56e64e7410>
2015-06-01 14:58:59,905:hal4000:INFO:      3 <PyQt4.QtGui.QFrame object at 0x7f56d8065478>
2015-06-01 14:58:59,905:hal4000:INFO:      4 <PyQt4.QtGui.QFrame object at 0x7f56d80653e0>
2015-06-01 14:58:59,905:hal4000:INFO:  camera.classicSingleCamera.__init__
2015-06-01 14:58:59,905:hal4000:INFO:      0 <camera.classicSingleCamera.ACamera object at 0x7f56d806f478>
2015-06-01 14:58:59,905:hal4000:INFO:      1 <sc_library.parameters.StormXMLObject object at 0x7f56e64e71d0>
2015-06-01 14:58:59,905:hal4000:INFO:      2 <sc_library.parameters.StormXMLObject object at 0x7f56e64e7410>
2015-06-01 14:58:59,905:hal4000:INFO:      3 <PyQt4.QtGui.QFrame object at 0x7f56d8065478>
2015-06-01 14:58:59,905:hal4000:INFO:      4 <PyQt4.QtGui.QFrame object at 0x7f56d80653e0>
2015-06-01 14:58:59,905:hal4000:INFO:      5 <__main__.Window object at 0x7f56e6a039d0>
2015-06-01 14:58:59,905:hal4000:INFO:  camera.singleCamera.__init__
2015-06-01 14:58:59,905:hal4000:INFO:      0 <camera.classicSingleCamera.ACamera object at 0x7f56d806f478>
2015-06-01 14:58:59,905:hal4000:INFO:      1 <sc_library.parameters.StormXMLObject object at 0x7f56e64e71d0>
2015-06-01 14:58:59,905:hal4000:INFO:      2 <sc_library.parameters.StormXMLObject object at 0x7f56e64e7410>
2015-06-01 14:58:59,905:hal4000:INFO:      3 <__main__.Window object at 0x7f56e6a039d0>
2015-06-01 14:58:59,905:hal4000:INFO:  camera.genericCamera.__init__
2015-06-01 14:58:59,906:hal4000:INFO:      0 <camera.classicSingleCamera.ACamera object at 0x7f56d806f478>
2015-06-01 14:58:59,906:hal4000:INFO:      1 <__main__.Window object at 0x7f56e6a039d0>
