2015-06-01 15:01:00,101:hal4000:INFO:__main__.__init__
2015-06-01 15:01:00,101:hal4000:INFO:    0 <__main__.Window object at 0x7f9dff80f9d0>
2015-06-01 15:01:00,101:hal4000:INFO:    1 <sc_library.parameters.StormXMLObject object at 0x7f9dff2f3150>
2015-06-01 15:01:00,101:hal4000:INFO:    2 <sc_library.parameters.StormXMLObject object at 0x7f9dff2f3410>
2015-06-01 15:01:00,121:hal4000:INFO:  camera.classicSingleCamera.__init__
2015-06-01 15:01:00,121:hal4000:INFO:      0 <camera.classicSingleCamera.ACamera object at 0x7f9dec0f2478>
2015-06-01 15:01:00,121:hal4000:INFO:      1 <sc_library.parameters.StormXMLObject object at 0x7f9dff2f31d0>
2015-06-01 15:01:00,121:hal4000:INFO:      2 <sc_library.parameters.StormXMLObject object at 0x7f9dff2f3410>
2015-06-01 15:01:00,121:hal4000:INFO:      3 <PyQt4.QtGui.QFrame object at 0x7f9dec0e8478>
2015-06-01 15:01:00,121:hal4000:INFO:      4 <PyQt4.QtGui.QFrame object at 0x7f9dec0e83e0>
2015-06-01 15:01:00,121:hal4000:INFO:  camera.classicSingleCamera.__init__
2015-06-01 15:01:00,121:hal4000:INFO:      0 <camera.classicSingleCamera.ACamera object at 0x7f9dec0f2478>
2015-06-01 15:01:00,121:hal4000:INFO:      1 <sc_library.parameters.StormXMLObject object at 0x7f9dff2f31d0>
2015-06-01 15:01:00,121:hal4000:INFO:      2 <sc_library.parameters.StormXMLObject object at 0x7f9dff2f3410>
2015-06-01 15:01:00,121:hal4000:INFO:      3 <PyQt4.QtGui.QFrame object at 0x7f9dec0e8478>
2015-06-01 15:01:00,121:hal4000:INFO:      4 <PyQt4.QtGui.QFrame object at 0x7f9dec0e83e0>
2015-06-01 15:01:00,122:hal4000:INFO:      5 <__main__.Window object at 0x7f9dff80f9d0>
2015-06-01 15:01:00,122:hal4000:INFO:  camera.singleCamera.__init__
2015-06-01 15:01:00,122:hal4000:INFO:      0 <camera.classicSingleCamera.ACamera object at 0x7f9dec0f2478>
2015-06-01 15:01:00,122:hal4000:INFO:      1 <sc_library.parameters.StormXMLObject object at 0x7f9dff2f31d0>
2015-06-01 15:01:00,122:hal4000:INFO:      2 <sc_library.parameters.StormXMLObject object at 0x7f9dff2f3410>
2015-06-01 15:01:00,122:hal4000:INFO:      3 <__main__.Window object at 0x7f9dff80f9d0>
2015-06-01 15:01:00,122:hal4000:INFO:  camera.genericCamera.__init__
2015-06-01 15:01:00,122:hal4000:INFO:      0 <camera.classicSingleCamera.ACamera object at 0x7f9dec0f2478>
2015-06-01 15:01:00,122:hal4000:INFO:      1 <__main__.Window object at 0x7f9dff80f9d0>
